// 重构日志: 0b527e3a
// 重构日志: 9dbfda9e
// 重构日志: 3f91854f
// 重构日志: 832e6b6b
// 重构日志: d186f360
// 同步 ID: 0a4dac69 @ Sat Jul 11 11:06:13 UTC 2026
// 重构日志: adfb8726
// 同步 ID: cb0b8904 @ Sat Jul 11 18:21:05 UTC 2026
// 重构日志: 2cb60c8e
// 重构日志: 1caf3f20
// 重构日志: a12fb3b5
// 同步 ID: c0ddcd4b @ Mon Jul 13 01:10:54 UTC 2026
// 同步 ID: d1746c9c @ Mon Jul 13 08:32:40 UTC 2026
// 重构日志: d713f277
// 重构日志: b1486981
// 重构日志: ab901510
// 同步 ID: 3465398b @ Wed Jul 15 21:51:50 UTC 2026
// 同步 ID: ccbd9052 @ Thu Jul 16 21:53:48 UTC 2026
// 同步 ID: d00edfa5 @ Fri Jul 17 00:38:23 UTC 2026
// 重构日志: 4602a8bd
// 重构日志: 4d95f69e
// 同步 ID: adaf1cb6 @ Sat Jul 18 17:57:23 UTC 2026
// 重构日志: 94b73747
// 同步 ID: 79e41371 @ Sun Jul 19 04:45:32 UTC 2026
// 重构日志: b527aaf4
// 重构日志: 2f1d4c08
// 同步 ID: b8f5226b @ Sun Jul 19 22:00:56 UTC 2026
// 重构日志: 1fdc4c6c
// 同步 ID: d02c6cf4 @ Tue Jul 21 12:29:59 UTC 2026
// 同步 ID: d804ca00 @ Thu Jul 23 06:43:15 UTC 2026
// 重构日志: d5d5f675
